12-18-2022 17:40:19 [INFO] [Command] [873166690224066571/testing mar] [736533260263489587/houssaineamzil#4491]: ?b help
12-18-2022 17:40:29 [INFO] [Command] [873166690224066571/testing mar] [736533260263489587/houssaineamzil#4491]: ?b ping
12-18-2022 17:41:01 [INFO] [Command] [873166690224066571/testing mar] [736533260263489587/houssaineamzil#4491]: ?b 8ball am I hundsome
12-18-2022 17:43:04 [INFO] [Command] [873166690224066571/testing mar] [736533260263489587/houssaineamzil#4491]: ?b 8ball should I let <@860011044730044426> here with us
12-18-2022 17:43:32 [INFO] [Command] [873166690224066571/testing mar] [736533260263489587/houssaineamzil#4491]: ?b 8ball are you dumb
12-18-2022 17:45:05 [INFO] [Command] [873166690224066571/testing mar] [736533260263489587/houssaineamzil#4491]: ?b 8ball are you dumb
12-18-2022 17:45:26 [INFO] [Command] [873166690224066571/testing mar] [736533260263489587/houssaineamzil#4491]: ?b 8ball are you dumb
12-18-2022 17:46:17 [INFO] [Command] [873166690224066571/testing mar] [736533260263489587/houssaineamzil#4491]: ?b 8ball are you dumb
12-18-2022 17:48:01 [INFO] [Command] [873166690224066571/testing mar] [736533260263489587/houssaineamzil#4491]: ?b 8ball am I hundsome
12-18-2022 17:48:22 [INFO] [Command] [873166690224066571/testing mar] [736533260263489587/houssaineamzil#4491]: ?b joke
12-18-2022 17:48:49 [INFO] [Command] [873166690224066571/testing mar] [736533260263489587/houssaineamzil#4491]: ?b joke
12-18-2022 17:49:35 [INFO] [Command] [873166690224066571/testing mar] [736533260263489587/houssaineamzil#4491]: ?b wheel
12-18-2022 17:50:09 [INFO] [Command] [873166690224066571/testing mar] [736533260263489587/houssaineamzil#4491]: ?b flip
12-18-2022 17:51:05 [INFO] [Command] [873166690224066571/testing mar] [736533260263489587/houssaineamzil#4491]: ?b flip
12-18-2022 17:52:10 [INFO] [Command] [873166690224066571/testing mar] [736533260263489587/houssaineamzil#4491]: ?b flip
12-18-2022 17:55:51 [INFO] [Command] [873166690224066571/testing mar] [736533260263489587/houssaineamzil#4491]: ?b flip
12-18-2022 17:56:09 [INFO] [Command] [873166690224066571/testing mar] [736533260263489587/houssaineamzil#4491]: ?b flip
12-18-2022 17:57:06 [INFO] [Command] [873166690224066571/testing mar] [736533260263489587/houssaineamzil#4491]: ?b flip
12-18-2022 17:57:17 [INFO] [Command] [873166690224066571/testing mar] [736533260263489587/houssaineamzil#4491]: ?b flip
12-18-2022 17:57:29 [INFO] [Command] [873166690224066571/testing mar] [736533260263489587/houssaineamzil#4491]: ?b flip
12-18-2022 17:58:26 [INFO] [Command] [873166690224066571/testing mar] [736533260263489587/houssaineamzil#4491]: ?b slots
12-18-2022 17:59:02 [INFO] [Command] [873166690224066571/testing mar] [736533260263489587/houssaineamzil#4491]: ?b slots
12-18-2022 17:59:11 [INFO] [Command] [873166690224066571/testing mar] [736533260263489587/houssaineamzil#4491]: ?b slots
12-18-2022 17:59:26 [INFO] [Command] [873166690224066571/testing mar] [736533260263489587/houssaineamzil#4491]: ?b slots
12-18-2022 18:00:23 [INFO] [Command] [873166690224066571/testing mar] [736533260263489587/houssaineamzil#4491]: ?b guess number
12-18-2022 18:00:23 [INFO] [Command] [873166690224066571/testing mar] [736533260263489587/houssaineamzil#4491]: ?b guess number
12-18-2022 18:00:50 [INFO] [Command] [873166690224066571/testing mar] [736533260263489587/houssaineamzil#4491]: ?b guess number
12-18-2022 18:00:51 [INFO] [Command] [873166690224066571/testing mar] [736533260263489587/houssaineamzil#4491]: ?b guess number
12-18-2022 18:02:13 [ERROR] Error when logging in: Extension 'commands.main' raised an error: IndentationError: unindent does not match any outer indentation level (main.py, line 281)
12-18-2022 18:02:13 [INFO] Restarting in 10s...
12-18-2022 18:02:22 [ERROR] Error when logging in: Extension 'commands.main' raised an error: IndentationError: unindent does not match any outer indentation level (main.py, line 281)
12-18-2022 18:02:22 [INFO] Restarting in 10s...
12-18-2022 18:02:26 [ERROR] Error when logging in: Extension 'commands.main' raised an error: IndentationError: unindent does not match any outer indentation level (main.py, line 281)
12-18-2022 18:02:26 [INFO] Restarting in 10s...
12-18-2022 18:02:28 [ERROR] Error when logging in: Extension 'commands.main' raised an error: IndentationError: unindent does not match any outer indentation level (main.py, line 281)
12-18-2022 18:02:28 [INFO] Restarting in 10s...
12-18-2022 18:02:31 [ERROR] Error when logging in: Extension 'commands.main' raised an error: IndentationError: unindent does not match any outer indentation level (main.py, line 281)
12-18-2022 18:02:31 [INFO] Restarting in 10s...
12-18-2022 18:02:37 [ERROR] Error when logging in: Extension 'commands.main' raised an error: IndentationError: unindent does not match any outer indentation level (main.py, line 281)
12-18-2022 18:02:37 [INFO] Restarting in 10s...
12-18-2022 18:02:39 [ERROR] Error when logging in: Extension 'commands.main' raised an error: IndentationError: unindent does not match any outer indentation level (main.py, line 281)
12-18-2022 18:02:39 [INFO] Restarting in 10s...
12-18-2022 18:02:42 [ERROR] Error when logging in: Extension 'commands.main' raised an error: IndentationError: unindent does not match any outer indentation level (main.py, line 281)
12-18-2022 18:02:42 [INFO] Restarting in 10s...
12-18-2022 18:02:44 [ERROR] Error when logging in: Extension 'commands.main' raised an error: IndentationError: unindent does not match any outer indentation level (main.py, line 281)
12-18-2022 18:02:44 [INFO] Restarting in 10s...
12-18-2022 18:02:45 [ERROR] Error when logging in: Extension 'commands.main' raised an error: IndentationError: unindent does not match any outer indentation level (main.py, line 281)
12-18-2022 18:02:45 [INFO] Restarting in 10s...
12-18-2022 18:02:48 [ERROR] Error when logging in: Extension 'commands.main' raised an error: IndentationError: unindent does not match any outer indentation level (main.py, line 281)
12-18-2022 18:02:48 [INFO] Restarting in 10s...
12-18-2022 18:02:50 [ERROR] Error when logging in: Extension 'commands.main' raised an error: IndentationError: unindent does not match any outer indentation level (main.py, line 281)
12-18-2022 18:02:50 [INFO] Restarting in 10s...
12-18-2022 18:03:08 [INFO] [Command] [873166690224066571/testing mar] [736533260263489587/houssaineamzil#4491]: ?b guess number
12-18-2022 18:03:08 [INFO] [Command] [873166690224066571/testing mar] [736533260263489587/houssaineamzil#4491]: ?b guess number
12-18-2022 18:04:01 [INFO] [Command] [873166690224066571/testing mar] [736533260263489587/houssaineamzil#4491]: ?b guess number
12-18-2022 18:04:01 [INFO] [Command] [873166690224066571/testing mar] [736533260263489587/houssaineamzil#4491]: ?b guess number
12-18-2022 18:04:28 [INFO] [Command] [873166690224066571/testing mar] [736533260263489587/houssaineamzil#4491]: ?b guess word
12-18-2022 18:04:28 [INFO] [Command] [873166690224066571/testing mar] [736533260263489587/houssaineamzil#4491]: ?b guess word
12-18-2022 18:10:17 [INFO] [Command] [873166690224066571/testing mar] [736533260263489587/houssaineamzil#4491]: ?b guess word
12-18-2022 18:10:17 [INFO] [Command] [873166690224066571/testing mar] [736533260263489587/houssaineamzil#4491]: ?b guess word
12-18-2022 18:10:33 [INFO] [Command] [873166690224066571/testing mar] [736533260263489587/houssaineamzil#4491]: ?b guess word
12-18-2022 18:10:33 [INFO] [Command] [873166690224066571/testing mar] [736533260263489587/houssaineamzil#4491]: ?b guess word
12-18-2022 18:12:10 [ERROR] Error when logging in: Extension 'commands.main' raised an error: SyntaxError: invalid syntax (main.py, line 305)
12-18-2022 18:12:10 [INFO] Restarting in 10s...
12-18-2022 18:12:24 [ERROR] Error when logging in: Extension 'commands.main' raised an error: SyntaxError: invalid syntax (main.py, line 357)
12-18-2022 18:12:24 [INFO] Restarting in 10s...
12-18-2022 18:13:12 [INFO] [Command] [873166690224066571/testing mar] [736533260263489587/houssaineamzil#4491]: ?b guess word
12-18-2022 18:13:12 [INFO] [Command] [873166690224066571/testing mar] [736533260263489587/houssaineamzil#4491]: ?b guess word
12-18-2022 18:14:37 [INFO] [Command] [873166690224066571/testing mar] [736533260263489587/houssaineamzil#4491]: ?b highlow
12-18-2022 18:15:00 [INFO] [Command] [873166690224066571/testing mar] [736533260263489587/houssaineamzil#4491]: ?b guess word
12-18-2022 18:15:00 [INFO] [Command] [873166690224066571/testing mar] [736533260263489587/houssaineamzil#4491]: ?b guess word
12-18-2022 18:15:22 [INFO] [Command] [873166690224066571/testing mar] [736533260263489587/houssaineamzil#4491]: ?b highlow
12-18-2022 18:15:36 [INFO] [Command] [873166690224066571/testing mar] [736533260263489587/houssaineamzil#4491]: ?b highlow
12-18-2022 18:16:39 [INFO] [Command] [873166690224066571/testing mar] [736533260263489587/houssaineamzil#4491]: ?b highlow
12-18-2022 18:17:07 [INFO] [Command] [873166690224066571/testing mar] [736533260263489587/houssaineamzil#4491]: ?b highlow
12-18-2022 18:18:10 [INFO] [Command] [873166690224066571/testing mar] [736533260263489587/houssaineamzil#4491]: ?b highlow
12-18-2022 18:18:21 [INFO] [Command] [873166690224066571/testing mar] [736533260263489587/houssaineamzil#4491]: ?b highlow
12-18-2022 18:18:46 [INFO] [Command] [873166690224066571/testing mar] [736533260263489587/houssaineamzil#4491]: ?b highlow
12-18-2022 18:19:26 [INFO] [Command] [873166690224066571/testing mar] [736533260263489587/houssaineamzil#4491]: ?b highlow
12-18-2022 18:20:27 [INFO] [Command] [873166690224066571/testing mar] [736533260263489587/houssaineamzil#4491]: ?b help
12-18-2022 18:20:41 [INFO] [Command] [873166690224066571/testing mar] [736533260263489587/houssaineamzil#4491]: ?b roulette  black
12-18-2022 18:22:33 [INFO] [Command] [873166690224066571/testing mar] [736533260263489587/houssaineamzil#4491]: ?b roulette  black
12-18-2022 18:23:30 [INFO] [Command] [873166690224066571/testing mar] [736533260263489587/houssaineamzil#4491]: ?b roulette black
12-18-2022 18:24:00 [INFO] [Command] [873166690224066571/testing mar] [736533260263489587/houssaineamzil#4491]: ?b roulette 2nd
12-18-2022 18:24:50 [INFO] [Command] [873166690224066571/testing mar] [736533260263489587/houssaineamzil#4491]: ?b roulette 23
12-18-2022 18:25:21 [INFO] [Command] [873166690224066571/testing mar] [736533260263489587/houssaineamzil#4491]: ?b roulette 23
12-18-2022 18:25:48 [INFO] [Command] [873166690224066571/testing mar] [736533260263489587/houssaineamzil#4491]: ?b roulette 23
12-18-2022 18:26:32 [INFO] [Command] [873166690224066571/testing mar] [736533260263489587/houssaineamzil#4491]: ?b roulette even
12-18-2022 18:29:13 [INFO] [Command] [873166690224066571/testing mar] [736533260263489587/houssaineamzil#4491]: ?b roulette odd
12-18-2022 18:30:31 [INFO] [Command] [873166690224066571/testing mar] [736533260263489587/houssaineamzil#4491]: ?b dice
12-18-2022 18:31:26 [ERROR] Error when logging in: Extension 'commands.main' raised an error: SyntaxError: unmatched ')' (main.py, line 693)
12-18-2022 18:31:26 [INFO] Restarting in 10s...
12-18-2022 18:31:35 [ERROR] Error when logging in: Extension 'commands.main' raised an error: SyntaxError: unmatched ')' (main.py, line 693)
12-18-2022 18:31:35 [INFO] Restarting in 10s...
12-18-2022 18:31:47 [ERROR] Error when logging in: Extension 'commands.main' raised an error: SyntaxError: unmatched ')' (main.py, line 693)
12-18-2022 18:31:47 [INFO] Restarting in 10s...
12-18-2022 18:31:50 [ERROR] Error when logging in: Extension 'commands.main' raised an error: SyntaxError: unmatched ')' (main.py, line 693)
12-18-2022 18:31:50 [INFO] Restarting in 10s...
12-18-2022 18:31:52 [ERROR] Error when logging in: Extension 'commands.main' raised an error: SyntaxError: unmatched ')' (main.py, line 693)
12-18-2022 18:31:52 [INFO] Restarting in 10s...
12-18-2022 18:32:23 [INFO] [Command] [873166690224066571/testing mar] [736533260263489587/houssaineamzil#4491]: ?b dice
12-18-2022 18:32:39 [INFO] [Command] [873166690224066571/testing mar] [736533260263489587/houssaineamzil#4491]: ?b dice
12-18-2022 18:32:45 [INFO] [Command] [873166690224066571/testing mar] [736533260263489587/houssaineamzil#4491]: ?b dice
12-18-2022 18:32:47 [INFO] [Command] [873166690224066571/testing mar] [736533260263489587/houssaineamzil#4491]: ?b dice
12-18-2022 18:32:52 [INFO] [Command] [873166690224066571/testing mar] [736533260263489587/houssaineamzil#4491]: ?b dice
12-18-2022 18:32:55 [INFO] [Command] [873166690224066571/testing mar] [736533260263489587/houssaineamzil#4491]: ?b dice
12-18-2022 18:32:58 [INFO] [Command] [873166690224066571/testing mar] [736533260263489587/houssaineamzil#4491]: ?b dice
12-18-2022 18:33:01 [INFO] [Command] [873166690224066571/testing mar] [736533260263489587/houssaineamzil#4491]: ?b dice
12-18-2022 18:33:03 [INFO] [Command] [873166690224066571/testing mar] [736533260263489587/houssaineamzil#4491]: ?b dice
12-18-2022 18:33:06 [INFO] [Command] [873166690224066571/testing mar] [736533260263489587/houssaineamzil#4491]: ?b dice
12-18-2022 18:33:08 [INFO] [Command] [873166690224066571/testing mar] [736533260263489587/houssaineamzil#4491]: ?b dice
12-18-2022 18:33:11 [INFO] [Command] [873166690224066571/testing mar] [736533260263489587/houssaineamzil#4491]: ?b dice
12-18-2022 18:35:11 [INFO] [Command] [873166690224066571/testing mar] [736533260263489587/houssaineamzil#4491]: ?b rps
12-18-2022 18:35:49 [ERROR] Error when logging in: Extension 'commands.main' raised an error: SyntaxError: unmatched ')' (main.py, line 756)
12-18-2022 18:35:49 [INFO] Restarting in 10s...
12-18-2022 18:35:53 [ERROR] Error when logging in: Extension 'commands.main' raised an error: SyntaxError: unmatched ')' (main.py, line 756)
12-18-2022 18:35:53 [INFO] Restarting in 10s...
12-18-2022 18:35:56 [ERROR] Error when logging in: Extension 'commands.main' raised an error: SyntaxError: unmatched ')' (main.py, line 756)
12-18-2022 18:35:56 [INFO] Restarting in 10s...
12-18-2022 18:35:58 [ERROR] Error when logging in: Extension 'commands.main' raised an error: SyntaxError: unmatched ')' (main.py, line 756)
12-18-2022 18:35:58 [INFO] Restarting in 10s...
12-18-2022 18:36:09 [ERROR] Error when logging in: Extension 'commands.main' raised an error: SyntaxError: unmatched ')' (main.py, line 756)
12-18-2022 18:36:09 [INFO] Restarting in 10s...
12-18-2022 18:36:11 [ERROR] Error when logging in: Extension 'commands.main' raised an error: SyntaxError: unmatched ')' (main.py, line 764)
12-18-2022 18:36:11 [INFO] Restarting in 10s...
12-18-2022 18:36:14 [ERROR] Error when logging in: Extension 'commands.main' raised an error: SyntaxError: unmatched ')' (main.py, line 772)
12-18-2022 18:36:14 [INFO] Restarting in 10s...
12-18-2022 18:36:18 [ERROR] Error when logging in: Extension 'commands.main' raised an error: SyntaxError: unmatched ')' (main.py, line 806)
12-18-2022 18:36:18 [INFO] Restarting in 10s...
12-18-2022 18:36:25 [ERROR] Error when logging in: Extension 'commands.main' raised an error: SyntaxError: unmatched ')' (main.py, line 814)
12-18-2022 18:36:25 [INFO] Restarting in 10s...
12-18-2022 18:36:28 [ERROR] Error when logging in: Extension 'commands.main' raised an error: SyntaxError: unmatched ')' (main.py, line 822)
12-18-2022 18:36:28 [INFO] Restarting in 10s...
12-18-2022 18:36:49 [INFO] [Command] [873166690224066571/testing mar] [736533260263489587/houssaineamzil#4491]: ?b rps
12-18-2022 18:37:27 [INFO] [Command] [873166690224066571/testing mar] [736533260263489587/houssaineamzil#4491]: ?b rps
12-18-2022 18:37:42 [INFO] [Command] [873166690224066571/testing mar] [736533260263489587/houssaineamzil#4491]: ?b rps
12-18-2022 18:38:06 [INFO] [Command] [873166690224066571/testing mar] [736533260263489587/houssaineamzil#4491]: ?b rps
12-18-2022 18:38:52 [INFO] [Command] [873166690224066571/testing mar] [736533260263489587/houssaineamzil#4491]: ?b rps
